{
  "stats": {
    "suites": 1,
    "tests": 2,
    "passes": 2,
    "pending": 0,
    "failures": 0,
    "start": "2025-07-18T00:58:08.693Z",
    "end": "2025-07-18T00:58:13.027Z",
    "duration": 4334,
    "testsRegistered": 2,
    "passPercent": 100,
    "pendingPercent": 0,
    "other": 0,
    "hasOther": false,
    "skipped": 0,
    "hasSkipped": false
  },
  "results": [
    {
      "uuid": "e79ddcc9-edb6-4f12-b630-ec2f46d7cf20",
      "title": "",
      "fullFile": "cypress\\e2e\\test_login.cy.js",
      "file": "cypress\\e2e\\test_login.cy.js",
      "beforeHooks": [],
      "afterHooks": [],
      "tests": [],
      "suites": [
        {
          "uuid": "939b3d87-6924-4ed2-9316-02365d6213b9",
          "title": "Login Test with Cypress",
          "fullFile": "",
          "file": "",
          "beforeHooks": [],
          "afterHooks": [],
          "tests": [
            {
              "title": "Valid login",
              "fullTitle": "Login Test with Cypress Valid login",
              "timedOut": null,
              "duration": 3306,
              "state": "passed",
              "speed": "fast",
              "pass": true,
              "fail": false,
              "pending": false,
              "context": null,
              "code": "cy.visit('/login');\ncy.get('#username').type('tomsmith');\ncy.get('#password').type('SuperSecretPassword!');\ncy.get('button[type=\"submit\"]').click();\ncy.get('.flash.success').should('contain', 'You logged into a secure area!');",
              "err": {},
              "uuid": "92082158-1943-47b0-a911-78e102dd97b9",
              "parentUUID": "939b3d87-6924-4ed2-9316-02365d6213b9",
              "isHook": false,
              "skipped": false
            },
            {
              "title": "Invalid login",
              "fullTitle": "Login Test with Cypress Invalid login",
              "timedOut": null,
              "duration": 997,
              "state": "passed",
              "speed": "fast",
              "pass": true,
              "fail": false,
              "pending": false,
              "context": null,
              "code": "cy.visit('/login');\ncy.get('#username').type('invalid');\ncy.get('#password').type('wrong');\ncy.get('button[type=\"submit\"]').click();\ncy.get('.flash.error').should('contain', 'Your username is invalid!');",
              "err": {},
              "uuid": "3d37dbe5-d191-419b-9259-7e15f943870e",
              "parentUUID": "939b3d87-6924-4ed2-9316-02365d6213b9",
              "isHook": false,
              "skipped": false
            }
          ],
          "suites": [],
          "passes": [
            "92082158-1943-47b0-a911-78e102dd97b9",
            "3d37dbe5-d191-419b-9259-7e15f943870e"
          ],
          "failures": [],
          "pending": [],
          "skipped": [],
          "duration": 4303,
          "root": false,
          "rootEmpty": false,
          "_timeout": 2000
        }
      ],
      "passes": [],
      "failures": [],
      "pending": [],
      "skipped": [],
      "duration": 0,
      "root": true,
      "rootEmpty": true,
      "_timeout": 2000
    }
  ],
  "meta": {
    "mocha": {
      "version": "7.2.0"
    },
    "mochawesome": {
      "options": {
        "quiet": false,
        "reportFilename": "mochawesome",
        "saveHtml": true,
        "saveJson": true,
        "consoleReporter": "spec",
        "useInlineDiffs": false,
        "code": true
      },
      "version": "7.1.3"
    },
    "marge": {
      "options": {
        "reportDir": "mochawesome-report",
        "overwrite": false,
        "html": true,
        "json": true
      },
      "version": "6.2.0"
    }
  }
}